# JRE version: 7.0_25-b17
# Java VM: Java HotSpot(TM) Client VM (23.25-b01 mixed mode windows-x86 )
Heap
 def new generation   total 4928K, used 4755K [0x04c00000, 0x05150000, 0x0a150000)
  eden space 4416K,  98% used [0x04c00000, 0x0503d288, 0x05050000)
  from space 512K,  81% used [0x050d0000, 0x05137bf8, 0x05150000)
  to   space 512K,   0% used [0x05050000, 0x05050000, 0x050d0000)
 tenured generation   total 10944K, used 4598K [0x0a150000, 0x0ac00000, 0x14c00000)
   the space 10944K,  42% used [0x0a150000, 0x0a5cd868, 0x0a5cda00, 0x0ac00000)
 compacting perm gen  total 12288K, used 8044K [0x14c00000, 0x15800000, 0x18c00000)
   the space 12288K,  65% used [0x14c00000, 0x153db098, 0x153db200, 0x15800000)
GC Heap History (6 events):
Event: 0.641 GC heap before
{Heap before GC invocations=0 (full 0):
 def new generation   total 4928K, used 2340K [0x04c00000, 0x05150000, 0x0a150000)
  eden space 4416K,  53% used [0x04c00000, 0x04e493a8, 0x05050000)
  from space 512K,   0% used [0x05050000, 0x05050000, 0x050d0000)
  to   space 512K,   0% used [0x050d0000, 0x050d0000, 0x05150000)
 tenured generation   total 10944K, used 0K [0x0a150000, 0x0ac00000, 0x14c00000)
   the space 10944K,   0% used [0x0a150000, 0x0a150000, 0x0a150200, 0x0ac00000)
 compacting perm gen  total 12288K, used 5673K [0x14c00000, 0x15800000, 0x18c00000)
   the space 12288K,  46% used [0x14c00000, 0x1518a7b8, 0x1518a800, 0x15800000)
No shared spaces configured.
Event: 0.647 GC heap after
Heap after GC invocations=1 (full 0):
 def new generation   total 4928K, used 512K [0x04c00000, 0x05150000, 0x0a150000)
  eden space 4416K,   0% used [0x04c00000, 0x04c00000, 0x05050000)
  from space 512K, 100% used [0x050d0000, 0x05150000, 0x05150000)
  to   space 512K,   0% used [0x05050000, 0x05050000, 0x050d0000)
 tenured generation   total 10944K, used 626K [0x0a150000, 0x0ac00000, 0x14c00000)
   the space 10944K,   5% used [0x0a150000, 0x0a1ecae0, 0x0a1ecc00, 0x0ac00000)
 compacting perm gen  total 12288K, used 5673K [0x14c00000, 0x15800000, 0x18c00000)
   the space 12288K,  46% used [0x14c00000, 0x1518a7b8, 0x1518a800, 0x15800000)
No shared spaces configured.
}
Event: 0.663 GC heap before
{Heap before GC invocations=1 (full 0):
 def new generation   total 4928K, used 4927K [0x04c00000, 0x05150000, 0x0a150000)
  eden space 4416K,  99% used [0x04c00000, 0x0504fcf0, 0x05050000)
  from space 512K, 100% used [0x050d0000, 0x05150000, 0x05150000)
  to   space 512K,   0% used [0x05050000, 0x05050000, 0x050d0000)
 tenured generation   total 10944K, used 626K [0x0a150000, 0x0ac00000, 0x14c00000)
   the space 10944K,   5% used [0x0a150000, 0x0a1ecae0, 0x0a1ecc00, 0x0ac00000)
 compacting perm gen  total 12288K, used 5733K [0x14c00000, 0x15800000, 0x18c00000)
   the space 12288K,  46% used [0x14c00000, 0x15199530, 0x15199600, 0x15800000)
No shared spaces configured.
Event: 0.667 GC heap after
Heap after GC invocations=2 (full 0):
 def new generation   total 4928K, used 1K [0x04c00000, 0x05150000, 0x0a150000)
  eden space 4416K,   0% used [0x04c00000, 0x04c00000, 0x05050000)
  from space 512K,   0% used [0x05050000, 0x05050548, 0x050d0000)
  to   space 512K,   0% used [0x050d0000, 0x050d0000, 0x05150000)
 tenured generation   total 10944K, used 3724K [0x0a150000, 0x0ac00000, 0x14c00000)
   the space 10944K,  34% used [0x0a150000, 0x0a4f3298, 0x0a4f3400, 0x0ac00000)
 compacting perm gen  total 12288K, used 5733K [0x14c00000, 0x15800000, 0x18c00000)
   the space 12288K,  46% used [0x14c00000, 0x15199530, 0x15199600, 0x15800000)
No shared spaces configured.
}
Event: 5.959 GC heap before
{Heap before GC invocations=2 (full 0):
 def new generation   total 4928K, used 4281K [0x04c00000, 0x05150000, 0x0a150000)
  eden space 4416K,  96% used [0x04c00000, 0x0502e158, 0x05050000)
  from space 512K,   0% used [0x05050000, 0x05050548, 0x050d0000)
  to   space 512K,   0% used [0x050d0000, 0x050d0000, 0x05150000)
 tenured generation   total 10944K, used 3724K [0x0a150000, 0x0ac00000, 0x14c00000)
   the space 10944K,  34% used [0x0a150000, 0x0a4f3298, 0x0a4f3400, 0x0ac00000)
 compacting perm gen  total 12288K, used 7993K [0x14c00000, 0x15800000, 0x18c00000)
   the space 12288K,  65% used [0x14c00000, 0x153ce740, 0x153ce800, 0x15800000)
No shared spaces configured.
Event: 5.968 GC heap after
Heap after GC invocations=3 (full 0):
 def new generation   total 4928K, used 414K [0x04c00000, 0x05150000, 0x0a150000)
  eden space 4416K,   0% used [0x04c00000, 0x04c00000, 0x05050000)
  from space 512K,  81% used [0x050d0000, 0x05137bf8, 0x05150000)
  to   space 512K,   0% used [0x05050000, 0x05050000, 0x050d0000)
 tenured generation   total 10944K, used 4598K [0x0a150000, 0x0ac00000, 0x14c00000)
   the space 10944K,  42% used [0x0a150000, 0x0a5cd868, 0x0a5cda00, 0x0ac00000)
 compacting perm gen  total 12288K, used 7993K [0x14c00000, 0x15800000, 0x18c00000)
   the space 12288K,  65% used [0x14c00000, 0x153ce740, 0x153ce800, 0x15800000)
No shared spaces configured.
}

